<?xml version="1.0" encoding="UTF-8"?>
<!-- Generated by org.testng.reporters.JUnitReportReporter -->
<testsuite hostname="A4ML24373" name="testCases.ValidateLoginTest" tests="3" failures="0" timestamp="25 Jan 2019 20:26:27 GMT" time="32.498" errors="0">
  <testcase name="multipleLogin" time="11.918" classname="testCases.ValidateLoginTest"/>
  <testcase name="multipleLogin" time="9.981" classname="testCases.ValidateLoginTest"/>
  <testcase name="multipleLogin" time="10.599" classname="testCases.ValidateLoginTest"/>
</testsuite> <!-- testCases.ValidateLoginTest -->
